2019-05-18 16:58:29,855 DEBUG    root            Loaded Command Group: [u'gcloud', u'components']
2019-05-18 16:58:29,860 DEBUG    root            Loaded Command Group: [u'gcloud', u'components', u'update']
2019-05-18 16:58:29,865 DEBUG    root            Running [gcloud.components.update] with arguments: [--allow-no-backup: "True", --quiet: "True", COMPONENT-IDS:5: "[u'core', u'gcloud-deps', u'bq', u'gcloud', u'gsutil']"]
2019-05-18 16:58:30,103 INFO     ___FILE_ONLY___ 

2019-05-18 16:58:30,104 INFO     ___FILE_ONLY___ 
Your current Cloud SDK version is: 246.0.0

2019-05-18 16:58:30,104 INFO     ___FILE_ONLY___ Installing components from version: 246.0.0

2019-05-18 16:58:30,105 INFO     ___FILE_ONLY___ 

2019-05-18 16:58:30,115 INFO     ___FILE_ONLY___ ┌────────────────────────────────────────────────────────────────────────────┐
2019-05-18 16:58:30,115 INFO     ___FILE_ONLY___ 

2019-05-18 16:58:30,115 INFO     ___FILE_ONLY___ │                    These components will be installed.                     │
2019-05-18 16:58:30,115 INFO     ___FILE_ONLY___ 

2019-05-18 16:58:30,115 INFO     ___FILE_ONLY___ ├─────────────────────────────────────────────────────┬────────────┬─────────┤
2019-05-18 16:58:30,115 INFO     ___FILE_ONLY___ 

2019-05-18 16:58:30,116 INFO     ___FILE_ONLY___ │                         Name                        │  Version   │   Size  │
2019-05-18 16:58:30,116 INFO     ___FILE_ONLY___ 

2019-05-18 16:58:30,116 INFO     ___FILE_ONLY___ ├─────────────────────────────────────────────────────┼────────────┼─────────┤
2019-05-18 16:58:30,116 INFO     ___FILE_ONLY___ 

2019-05-18 16:58:30,116 INFO     ___FILE_ONLY___ │ 
2019-05-18 16:58:30,116 INFO     ___FILE_ONLY___ BigQuery Command Line Tool                         
2019-05-18 16:58:30,116 INFO     ___FILE_ONLY___  
2019-05-18 16:58:30,117 INFO     ___FILE_ONLY___ │ 
2019-05-18 16:58:30,117 INFO     ___FILE_ONLY___     2.0.43
2019-05-18 16:58:30,117 INFO     ___FILE_ONLY___  
2019-05-18 16:58:30,117 INFO     ___FILE_ONLY___ │ 
2019-05-18 16:58:30,117 INFO     ___FILE_ONLY___ < 1 MiB
2019-05-18 16:58:30,117 INFO     ___FILE_ONLY___  
2019-05-18 16:58:30,117 INFO     ___FILE_ONLY___ │
2019-05-18 16:58:30,118 INFO     ___FILE_ONLY___ 

2019-05-18 16:58:30,118 INFO     ___FILE_ONLY___ │ 
2019-05-18 16:58:30,118 INFO     ___FILE_ONLY___ BigQuery Command Line Tool (Platform Specific)     
2019-05-18 16:58:30,118 INFO     ___FILE_ONLY___  
2019-05-18 16:58:30,118 INFO     ___FILE_ONLY___ │ 
2019-05-18 16:58:30,118 INFO     ___FILE_ONLY___     2.0.34
2019-05-18 16:58:30,118 INFO     ___FILE_ONLY___  
2019-05-18 16:58:30,119 INFO     ___FILE_ONLY___ │ 
2019-05-18 16:58:30,119 INFO     ___FILE_ONLY___ < 1 MiB
2019-05-18 16:58:30,119 INFO     ___FILE_ONLY___  
2019-05-18 16:58:30,119 INFO     ___FILE_ONLY___ │
2019-05-18 16:58:30,119 INFO     ___FILE_ONLY___ 

2019-05-18 16:58:30,119 INFO     ___FILE_ONLY___ │ 
2019-05-18 16:58:30,120 INFO     ___FILE_ONLY___ Cloud SDK Core Libraries (Platform Specific)       
2019-05-18 16:58:30,120 INFO     ___FILE_ONLY___  
2019-05-18 16:58:30,120 INFO     ___FILE_ONLY___ │ 
2019-05-18 16:58:30,120 INFO     ___FILE_ONLY___ 2018.09.24
2019-05-18 16:58:30,120 INFO     ___FILE_ONLY___  
2019-05-18 16:58:30,120 INFO     ___FILE_ONLY___ │ 
2019-05-18 16:58:30,120 INFO     ___FILE_ONLY___ < 1 MiB
2019-05-18 16:58:30,121 INFO     ___FILE_ONLY___  
2019-05-18 16:58:30,121 INFO     ___FILE_ONLY___ │
2019-05-18 16:58:30,121 INFO     ___FILE_ONLY___ 

2019-05-18 16:58:30,121 INFO     ___FILE_ONLY___ │ 
2019-05-18 16:58:30,121 INFO     ___FILE_ONLY___ Cloud Storage Command Line Tool                    
2019-05-18 16:58:30,121 INFO     ___FILE_ONLY___  
2019-05-18 16:58:30,122 INFO     ___FILE_ONLY___ │ 
2019-05-18 16:58:30,122 INFO     ___FILE_ONLY___       4.38
2019-05-18 16:58:30,122 INFO     ___FILE_ONLY___  
2019-05-18 16:58:30,122 INFO     ___FILE_ONLY___ │ 
2019-05-18 16:58:30,123 INFO     ___FILE_ONLY___ 3.8 MiB
2019-05-18 16:58:30,123 INFO     ___FILE_ONLY___  
2019-05-18 16:58:30,123 INFO     ___FILE_ONLY___ │
2019-05-18 16:58:30,124 INFO     ___FILE_ONLY___ 

2019-05-18 16:58:30,124 INFO     ___FILE_ONLY___ │ 
2019-05-18 16:58:30,124 INFO     ___FILE_ONLY___ Cloud Storage Command Line Tool (Platform Specific)
2019-05-18 16:58:30,124 INFO     ___FILE_ONLY___  
2019-05-18 16:58:30,124 INFO     ___FILE_ONLY___ │ 
2019-05-18 16:58:30,125 INFO     ___FILE_ONLY___       4.34
2019-05-18 16:58:30,125 INFO     ___FILE_ONLY___  
2019-05-18 16:58:30,125 INFO     ___FILE_ONLY___ │ 
2019-05-18 16:58:30,125 INFO     ___FILE_ONLY___ < 1 MiB
2019-05-18 16:58:30,125 INFO     ___FILE_ONLY___  
2019-05-18 16:58:30,126 INFO     ___FILE_ONLY___ │
2019-05-18 16:58:30,126 INFO     ___FILE_ONLY___ 

2019-05-18 16:58:30,126 INFO     ___FILE_ONLY___ │ 
2019-05-18 16:58:30,126 INFO     ___FILE_ONLY___ Default set of gcloud commands                     
2019-05-18 16:58:30,126 INFO     ___FILE_ONLY___  
2019-05-18 16:58:30,126 INFO     ___FILE_ONLY___ │ 
2019-05-18 16:58:30,127 INFO     ___FILE_ONLY___           
2019-05-18 16:58:30,127 INFO     ___FILE_ONLY___  
2019-05-18 16:58:30,127 INFO     ___FILE_ONLY___ │ 
2019-05-18 16:58:30,127 INFO     ___FILE_ONLY___        
2019-05-18 16:58:30,127 INFO     ___FILE_ONLY___  
2019-05-18 16:58:30,127 INFO     ___FILE_ONLY___ │
2019-05-18 16:58:30,127 INFO     ___FILE_ONLY___ 

2019-05-18 16:58:30,127 INFO     ___FILE_ONLY___ │ 
2019-05-18 16:58:30,128 INFO     ___FILE_ONLY___ gcloud cli dependencies                            
2019-05-18 16:58:30,128 INFO     ___FILE_ONLY___  
2019-05-18 16:58:30,128 INFO     ___FILE_ONLY___ │ 
2019-05-18 16:58:30,128 INFO     ___FILE_ONLY___ 2018.08.03
2019-05-18 16:58:30,128 INFO     ___FILE_ONLY___  
2019-05-18 16:58:30,128 INFO     ___FILE_ONLY___ │ 
2019-05-18 16:58:30,128 INFO     ___FILE_ONLY___ 1.5 MiB
2019-05-18 16:58:30,129 INFO     ___FILE_ONLY___  
2019-05-18 16:58:30,129 INFO     ___FILE_ONLY___ │
2019-05-18 16:58:30,129 INFO     ___FILE_ONLY___ 

2019-05-18 16:58:30,129 INFO     ___FILE_ONLY___ └─────────────────────────────────────────────────────┴────────────┴─────────┘
2019-05-18 16:58:30,129 INFO     ___FILE_ONLY___ 

2019-05-18 16:58:30,129 INFO     ___FILE_ONLY___ 

2019-05-18 16:58:30,392 INFO     ___FILE_ONLY___ For the latest full release notes, please visit:
  https://cloud.google.com/sdk/release_notes


2019-05-18 16:58:30,393 INFO     ___FILE_ONLY___ ╔════════════════════════════════════════════════════════════╗

2019-05-18 16:58:30,393 INFO     ___FILE_ONLY___ ╠═ Creating update staging area                             ═╣

2019-05-18 16:58:30,393 INFO     ___FILE_ONLY___ ╚
2019-05-18 16:58:30,393 INFO     ___FILE_ONLY___ ══════
2019-05-18 16:58:30,394 INFO     ___FILE_ONLY___ ══════
2019-05-18 16:58:30,394 INFO     ___FILE_ONLY___ ══════
2019-05-18 16:58:30,500 INFO     ___FILE_ONLY___ ═
2019-05-18 16:58:30,605 INFO     ___FILE_ONLY___ ═
2019-05-18 16:58:30,793 INFO     ___FILE_ONLY___ ═
2019-05-18 16:58:30,871 INFO     ___FILE_ONLY___ ═
2019-05-18 16:58:30,941 INFO     ___FILE_ONLY___ ═
2019-05-18 16:58:30,992 INFO     ___FILE_ONLY___ ═
2019-05-18 16:58:31,039 INFO     ___FILE_ONLY___ ═
2019-05-18 16:58:31,096 INFO     ___FILE_ONLY___ ═
2019-05-18 16:58:31,164 INFO     ___FILE_ONLY___ ═
2019-05-18 16:58:31,235 INFO     ___FILE_ONLY___ ═
2019-05-18 16:58:31,298 INFO     ___FILE_ONLY___ ═
2019-05-18 16:58:31,379 INFO     ___FILE_ONLY___ ═
2019-05-18 16:58:31,448 INFO     ___FILE_ONLY___ ═
2019-05-18 16:58:31,526 INFO     ___FILE_ONLY___ ═
2019-05-18 16:58:31,640 INFO     ___FILE_ONLY___ ═
2019-05-18 16:58:31,740 INFO     ___FILE_ONLY___ ═
2019-05-18 16:58:31,798 INFO     ___FILE_ONLY___ ═
2019-05-18 16:58:31,858 INFO     ___FILE_ONLY___ ═
2019-05-18 16:58:31,928 INFO     ___FILE_ONLY___ ═
2019-05-18 16:58:31,989 INFO     ___FILE_ONLY___ ═
2019-05-18 16:58:32,044 INFO     ___FILE_ONLY___ ═
2019-05-18 16:58:32,114 INFO     ___FILE_ONLY___ ═
2019-05-18 16:58:32,176 INFO     ___FILE_ONLY___ ═
2019-05-18 16:58:32,240 INFO     ___FILE_ONLY___ ═
2019-05-18 16:58:32,304 INFO     ___FILE_ONLY___ ═
2019-05-18 16:58:32,360 INFO     ___FILE_ONLY___ ═
2019-05-18 16:58:32,422 INFO     ___FILE_ONLY___ ═
2019-05-18 16:58:32,491 INFO     ___FILE_ONLY___ ═
2019-05-18 16:58:32,554 INFO     ___FILE_ONLY___ ═
2019-05-18 16:58:32,643 INFO     ___FILE_ONLY___ ═
2019-05-18 16:58:32,723 INFO     ___FILE_ONLY___ ═
2019-05-18 16:58:32,813 INFO     ___FILE_ONLY___ ═
2019-05-18 16:58:32,876 INFO     ___FILE_ONLY___ ═
2019-05-18 16:58:32,937 INFO     ___FILE_ONLY___ ═
2019-05-18 16:58:32,990 INFO     ___FILE_ONLY___ ═
2019-05-18 16:58:33,046 INFO     ___FILE_ONLY___ ═
2019-05-18 16:58:33,119 INFO     ___FILE_ONLY___ ═
2019-05-18 16:58:33,330 INFO     ___FILE_ONLY___ ═
2019-05-18 16:58:33,441 INFO     ___FILE_ONLY___ ═
2019-05-18 16:58:33,539 INFO     ___FILE_ONLY___ ═
2019-05-18 16:58:33,642 INFO     ___FILE_ONLY___ ═
2019-05-18 16:58:33,960 INFO     ___FILE_ONLY___ ═
2019-05-18 16:58:33,960 INFO     ___FILE_ONLY___ ╝
2019-05-18 16:58:33,963 INFO     ___FILE_ONLY___ ╠════════════════════════════════════════════════════════════╣

2019-05-18 16:58:33,963 INFO     ___FILE_ONLY___ ╠═ Installing: BigQuery Command Line Tool                   ═╣

2019-05-18 16:58:33,963 INFO     ___FILE_ONLY___ ╚
2019-05-18 16:58:34,095 INFO     ___FILE_ONLY___ ═
2019-05-18 16:58:34,100 INFO     ___FILE_ONLY___ ═
2019-05-18 16:58:34,113 INFO     ___FILE_ONLY___ ═
2019-05-18 16:58:34,119 INFO     ___FILE_ONLY___ ═
2019-05-18 16:58:34,126 INFO     ___FILE_ONLY___ ═
2019-05-18 16:58:34,138 INFO     ___FILE_ONLY___ ═
2019-05-18 16:58:34,143 INFO     ___FILE_ONLY___ ═
2019-05-18 16:58:34,148 INFO     ___FILE_ONLY___ ═
2019-05-18 16:58:34,159 INFO     ___FILE_ONLY___ ═
2019-05-18 16:58:34,165 INFO     ___FILE_ONLY___ ═
2019-05-18 16:58:34,170 INFO     ___FILE_ONLY___ ═
2019-05-18 16:58:34,183 INFO     ___FILE_ONLY___ ═
2019-05-18 16:58:34,188 INFO     ___FILE_ONLY___ ═
2019-05-18 16:58:34,196 INFO     ___FILE_ONLY___ ═
2019-05-18 16:58:34,207 INFO     ___FILE_ONLY___ ═
2019-05-18 16:58:34,213 INFO     ___FILE_ONLY___ ═
2019-05-18 16:58:34,218 INFO     ___FILE_ONLY___ ═
2019-05-18 16:58:34,230 INFO     ___FILE_ONLY___ ═
2019-05-18 16:58:34,235 INFO     ___FILE_ONLY___ ═
2019-05-18 16:58:34,243 INFO     ___FILE_ONLY___ ═
2019-05-18 16:58:34,256 INFO     ___FILE_ONLY___ ═
2019-05-18 16:58:34,261 INFO     ___FILE_ONLY___ ═
2019-05-18 16:58:34,267 INFO     ___FILE_ONLY___ ═
2019-05-18 16:58:34,279 INFO     ___FILE_ONLY___ ═
2019-05-18 16:58:34,285 INFO     ___FILE_ONLY___ ═
2019-05-18 16:58:34,298 INFO     ___FILE_ONLY___ ═
2019-05-18 16:58:34,304 INFO     ___FILE_ONLY___ ═
2019-05-18 16:58:34,311 INFO     ___FILE_ONLY___ ═
2019-05-18 16:58:34,324 INFO     ___FILE_ONLY___ ═
2019-05-18 16:58:34,327 INFO     ___FILE_ONLY___ ═
2019-05-18 16:58:34,399 INFO     ___FILE_ONLY___ ═
2019-05-18 16:58:34,404 INFO     ___FILE_ONLY___ ═
2019-05-18 16:58:34,408 INFO     ___FILE_ONLY___ ═
2019-05-18 16:58:34,412 INFO     ___FILE_ONLY___ ═
2019-05-18 16:58:34,417 INFO     ___FILE_ONLY___ ═
2019-05-18 16:58:34,422 INFO     ___FILE_ONLY___ ═
2019-05-18 16:58:34,431 INFO     ___FILE_ONLY___ ═
2019-05-18 16:58:34,435 INFO     ___FILE_ONLY___ ═
2019-05-18 16:58:34,440 INFO     ___FILE_ONLY___ ═
2019-05-18 16:58:34,450 INFO     ___FILE_ONLY___ ═
2019-05-18 16:58:34,459 INFO     ___FILE_ONLY___ ═
2019-05-18 16:58:34,466 INFO     ___FILE_ONLY___ ═
2019-05-18 16:58:34,472 INFO     ___FILE_ONLY___ ═
2019-05-18 16:58:34,481 INFO     ___FILE_ONLY___ ═
2019-05-18 16:58:34,485 INFO     ___FILE_ONLY___ ═
2019-05-18 16:58:34,489 INFO     ___FILE_ONLY___ ═
2019-05-18 16:58:34,496 INFO     ___FILE_ONLY___ ═
2019-05-18 16:58:34,502 INFO     ___FILE_ONLY___ ═
2019-05-18 16:58:34,509 INFO     ___FILE_ONLY___ ═
2019-05-18 16:58:34,518 INFO     ___FILE_ONLY___ ═
2019-05-18 16:58:34,529 INFO     ___FILE_ONLY___ ═
2019-05-18 16:58:34,536 INFO     ___FILE_ONLY___ ═
2019-05-18 16:58:34,546 INFO     ___FILE_ONLY___ ═
2019-05-18 16:58:34,552 INFO     ___FILE_ONLY___ ═
2019-05-18 16:58:34,559 INFO     ___FILE_ONLY___ ═
2019-05-18 16:58:34,570 INFO     ___FILE_ONLY___ ═
2019-05-18 16:58:34,583 INFO     ___FILE_ONLY___ ═
2019-05-18 16:58:34,588 INFO     ___FILE_ONLY___ ═
2019-05-18 16:58:34,603 INFO     ___FILE_ONLY___ ═
2019-05-18 16:58:34,617 INFO     ___FILE_ONLY___ ═
2019-05-18 16:58:34,618 INFO     ___FILE_ONLY___ ╝
2019-05-18 16:58:34,632 INFO     ___FILE_ONLY___ ╠════════════════════════════════════════════════════════════╣

2019-05-18 16:58:34,632 INFO     ___FILE_ONLY___ ╠═ Installing: BigQuery Command Line Tool (Platform Spec... ═╣

2019-05-18 16:58:34,632 INFO     ___FILE_ONLY___ ╚
2019-05-18 16:58:34,745 INFO     ___FILE_ONLY___ ══════════════════════════════
2019-05-18 16:58:34,748 INFO     ___FILE_ONLY___ ═══════════════
2019-05-18 16:58:34,749 INFO     ___FILE_ONLY___ ═══════════════
2019-05-18 16:58:34,749 INFO     ___FILE_ONLY___ ╝
2019-05-18 16:58:34,753 INFO     ___FILE_ONLY___ ╠════════════════════════════════════════════════════════════╣

2019-05-18 16:58:34,754 INFO     ___FILE_ONLY___ ╠═ Installing: Cloud SDK Core Libraries (Platform Specific) ═╣

2019-05-18 16:58:34,754 INFO     ___FILE_ONLY___ ╚
2019-05-18 16:58:34,870 INFO     ___FILE_ONLY___ ══════════════════════════════
2019-05-18 16:58:34,873 INFO     ___FILE_ONLY___ ══════════
2019-05-18 16:58:34,874 INFO     ___FILE_ONLY___ ═════════
2019-05-18 16:58:34,875 INFO     ___FILE_ONLY___ ═══════════
2019-05-18 16:58:34,875 INFO     ___FILE_ONLY___ ╝
2019-05-18 16:58:34,880 INFO     ___FILE_ONLY___ ╠════════════════════════════════════════════════════════════╣

2019-05-18 16:58:34,880 INFO     ___FILE_ONLY___ ╠═ Installing: Cloud Storage Command Line Tool              ═╣

2019-05-18 16:58:34,881 INFO     ___FILE_ONLY___ ╚
2019-05-18 16:58:35,054 INFO     ___FILE_ONLY___ ═
2019-05-18 16:58:35,101 INFO     ___FILE_ONLY___ ═
2019-05-18 16:58:35,150 INFO     ___FILE_ONLY___ ═
2019-05-18 16:58:35,198 INFO     ___FILE_ONLY___ ═
2019-05-18 16:58:35,246 INFO     ___FILE_ONLY___ ═
2019-05-18 16:58:35,294 INFO     ___FILE_ONLY___ ═
2019-05-18 16:58:35,338 INFO     ___FILE_ONLY___ ═
2019-05-18 16:58:35,383 INFO     ___FILE_ONLY___ ═
2019-05-18 16:58:35,427 INFO     ___FILE_ONLY___ ═
2019-05-18 16:58:35,467 INFO     ___FILE_ONLY___ ═
2019-05-18 16:58:35,505 INFO     ___FILE_ONLY___ ═
2019-05-18 16:58:35,547 INFO     ___FILE_ONLY___ ═
2019-05-18 16:58:35,591 INFO     ___FILE_ONLY___ ═
2019-05-18 16:58:35,632 INFO     ___FILE_ONLY___ ═
2019-05-18 16:58:35,674 INFO     ___FILE_ONLY___ ═
2019-05-18 16:58:35,721 INFO     ___FILE_ONLY___ ═
2019-05-18 16:58:35,765 INFO     ___FILE_ONLY___ ═
2019-05-18 16:58:35,805 INFO     ___FILE_ONLY___ ═
2019-05-18 16:58:35,847 INFO     ___FILE_ONLY___ ═
2019-05-18 16:58:35,890 INFO     ___FILE_ONLY___ ═
2019-05-18 16:58:35,927 INFO     ___FILE_ONLY___ ═
2019-05-18 16:58:35,963 INFO     ___FILE_ONLY___ ═
2019-05-18 16:58:36,000 INFO     ___FILE_ONLY___ ═
2019-05-18 16:58:36,036 INFO     ___FILE_ONLY___ ═
2019-05-18 16:58:36,081 INFO     ___FILE_ONLY___ ═
2019-05-18 16:58:36,119 INFO     ___FILE_ONLY___ ═
2019-05-18 16:58:36,157 INFO     ___FILE_ONLY___ ═
2019-05-18 16:58:36,194 INFO     ___FILE_ONLY___ ═
2019-05-18 16:58:36,231 INFO     ___FILE_ONLY___ ═
2019-05-18 16:58:36,264 INFO     ___FILE_ONLY___ ═
2019-05-18 16:58:36,757 INFO     ___FILE_ONLY___ ═
2019-05-18 16:58:36,812 INFO     ___FILE_ONLY___ ═
2019-05-18 16:58:36,857 INFO     ___FILE_ONLY___ ═
2019-05-18 16:58:36,894 INFO     ___FILE_ONLY___ ═
2019-05-18 16:58:36,932 INFO     ___FILE_ONLY___ ═
2019-05-18 16:58:36,974 INFO     ___FILE_ONLY___ ═
2019-05-18 16:58:37,017 INFO     ___FILE_ONLY___ ═
2019-05-18 16:58:37,052 INFO     ___FILE_ONLY___ ═
2019-05-18 16:58:37,091 INFO     ___FILE_ONLY___ ═
2019-05-18 16:58:37,133 INFO     ___FILE_ONLY___ ═
2019-05-18 16:58:37,178 INFO     ___FILE_ONLY___ ═
2019-05-18 16:58:37,226 INFO     ___FILE_ONLY___ ═
2019-05-18 16:58:37,273 INFO     ___FILE_ONLY___ ═
2019-05-18 16:58:37,321 INFO     ___FILE_ONLY___ ═
2019-05-18 16:58:37,368 INFO     ___FILE_ONLY___ ═
2019-05-18 16:58:37,417 INFO     ___FILE_ONLY___ ═
2019-05-18 16:58:37,462 INFO     ___FILE_ONLY___ ═
2019-05-18 16:58:37,506 INFO     ___FILE_ONLY___ ═
2019-05-18 16:58:37,547 INFO     ___FILE_ONLY___ ═
2019-05-18 16:58:37,585 INFO     ___FILE_ONLY___ ═
2019-05-18 16:58:37,627 INFO     ___FILE_ONLY___ ═
2019-05-18 16:58:37,661 INFO     ___FILE_ONLY___ ═
2019-05-18 16:58:37,705 INFO     ___FILE_ONLY___ ═
2019-05-18 16:58:37,745 INFO     ___FILE_ONLY___ ═
2019-05-18 16:58:37,784 INFO     ___FILE_ONLY___ ═
2019-05-18 16:58:37,835 INFO     ___FILE_ONLY___ ═
2019-05-18 16:58:37,903 INFO     ___FILE_ONLY___ ═
2019-05-18 16:58:37,944 INFO     ___FILE_ONLY___ ═
2019-05-18 16:58:37,989 INFO     ___FILE_ONLY___ ═
2019-05-18 16:58:38,042 INFO     ___FILE_ONLY___ ═
2019-05-18 16:58:38,042 INFO     ___FILE_ONLY___ ╝
2019-05-18 16:58:38,108 INFO     ___FILE_ONLY___ ╠════════════════════════════════════════════════════════════╣

2019-05-18 16:58:38,109 INFO     ___FILE_ONLY___ ╠═ Installing: Cloud Storage Command Line Tool (Platform... ═╣

2019-05-18 16:58:38,109 INFO     ___FILE_ONLY___ ╚
2019-05-18 16:58:38,465 INFO     ___FILE_ONLY___ ══════════════════════════════
2019-05-18 16:58:38,467 INFO     ___FILE_ONLY___ ═══════════════
2019-05-18 16:58:38,468 INFO     ___FILE_ONLY___ ═══════════════
2019-05-18 16:58:38,468 INFO     ___FILE_ONLY___ ╝
2019-05-18 16:58:38,474 INFO     ___FILE_ONLY___ ╠════════════════════════════════════════════════════════════╣

2019-05-18 16:58:38,474 INFO     ___FILE_ONLY___ ╠═ Installing: Default set of gcloud commands               ═╣

2019-05-18 16:58:38,474 INFO     ___FILE_ONLY___ ╚
2019-05-18 16:58:38,478 INFO     ___FILE_ONLY___ ════════════════════════════════════════════════════════════
2019-05-18 16:58:38,479 INFO     ___FILE_ONLY___ ╝
2019-05-18 16:58:38,479 INFO     ___FILE_ONLY___ ╠════════════════════════════════════════════════════════════╣

2019-05-18 16:58:38,479 INFO     ___FILE_ONLY___ ╠═ Installing: gcloud cli dependencies                      ═╣

2019-05-18 16:58:38,480 INFO     ___FILE_ONLY___ ╚
2019-05-18 16:58:38,624 INFO     ___FILE_ONLY___ ═
2019-05-18 16:58:38,651 INFO     ___FILE_ONLY___ ═
2019-05-18 16:58:38,671 INFO     ___FILE_ONLY___ ═
2019-05-18 16:58:38,693 INFO     ___FILE_ONLY___ ═
2019-05-18 16:58:38,714 INFO     ___FILE_ONLY___ ═
2019-05-18 16:58:38,731 INFO     ___FILE_ONLY___ ═
2019-05-18 16:58:38,748 INFO     ___FILE_ONLY___ ═
2019-05-18 16:58:38,774 INFO     ___FILE_ONLY___ ═
2019-05-18 16:58:38,792 INFO     ___FILE_ONLY___ ═
2019-05-18 16:58:38,811 INFO     ___FILE_ONLY___ ═
2019-05-18 16:58:38,835 INFO     ___FILE_ONLY___ ═
2019-05-18 16:58:38,853 INFO     ___FILE_ONLY___ ═
2019-05-18 16:58:38,871 INFO     ___FILE_ONLY___ ═
2019-05-18 16:58:38,887 INFO     ___FILE_ONLY___ ═
2019-05-18 16:58:38,910 INFO     ___FILE_ONLY___ ═
2019-05-18 16:58:38,927 INFO     ___FILE_ONLY___ ═
2019-05-18 16:58:38,945 INFO     ___FILE_ONLY___ ═
2019-05-18 16:58:38,970 INFO     ___FILE_ONLY___ ═
2019-05-18 16:58:38,985 INFO     ___FILE_ONLY___ ═
2019-05-18 16:58:39,004 INFO     ___FILE_ONLY___ ═
2019-05-18 16:58:39,023 INFO     ___FILE_ONLY___ ═
2019-05-18 16:58:39,044 INFO     ___FILE_ONLY___ ═
2019-05-18 16:58:39,061 INFO     ___FILE_ONLY___ ═
2019-05-18 16:58:39,076 INFO     ___FILE_ONLY___ ═
2019-05-18 16:58:39,096 INFO     ___FILE_ONLY___ ═
2019-05-18 16:58:39,119 INFO     ___FILE_ONLY___ ═
2019-05-18 16:58:39,134 INFO     ___FILE_ONLY___ ═
2019-05-18 16:58:39,151 INFO     ___FILE_ONLY___ ═
2019-05-18 16:58:39,174 INFO     ___FILE_ONLY___ ═
2019-05-18 16:58:39,189 INFO     ___FILE_ONLY___ ═
2019-05-18 16:58:39,267 INFO     ___FILE_ONLY___ ═
2019-05-18 16:58:39,268 INFO     ___FILE_ONLY___ ═
2019-05-18 16:58:39,269 INFO     ___FILE_ONLY___ ═
2019-05-18 16:58:39,271 INFO     ___FILE_ONLY___ ═
2019-05-18 16:58:39,272 INFO     ___FILE_ONLY___ ═
2019-05-18 16:58:39,273 INFO     ___FILE_ONLY___ ═
2019-05-18 16:58:39,274 INFO     ___FILE_ONLY___ ═
2019-05-18 16:58:39,275 INFO     ___FILE_ONLY___ ═
2019-05-18 16:58:39,276 INFO     ___FILE_ONLY___ ═
2019-05-18 16:58:39,277 INFO     ___FILE_ONLY___ ═
2019-05-18 16:58:39,278 INFO     ___FILE_ONLY___ ═
2019-05-18 16:58:39,279 INFO     ___FILE_ONLY___ ═
2019-05-18 16:58:39,280 INFO     ___FILE_ONLY___ ═
2019-05-18 16:58:39,281 INFO     ___FILE_ONLY___ ═
2019-05-18 16:58:39,282 INFO     ___FILE_ONLY___ ═
2019-05-18 16:58:39,283 INFO     ___FILE_ONLY___ ═
2019-05-18 16:58:39,284 INFO     ___FILE_ONLY___ ═
2019-05-18 16:58:39,285 INFO     ___FILE_ONLY___ ═
2019-05-18 16:58:39,286 INFO     ___FILE_ONLY___ ═
2019-05-18 16:58:39,287 INFO     ___FILE_ONLY___ ═
2019-05-18 16:58:39,288 INFO     ___FILE_ONLY___ ═
2019-05-18 16:58:39,290 INFO     ___FILE_ONLY___ ═
2019-05-18 16:58:39,291 INFO     ___FILE_ONLY___ ═
2019-05-18 16:58:39,293 INFO     ___FILE_ONLY___ ═
2019-05-18 16:58:39,362 INFO     ___FILE_ONLY___ ═
2019-05-18 16:58:39,363 INFO     ___FILE_ONLY___ ═
2019-05-18 16:58:39,368 INFO     ___FILE_ONLY___ ═
2019-05-18 16:58:39,369 INFO     ___FILE_ONLY___ ═
2019-05-18 16:58:39,371 INFO     ___FILE_ONLY___ ═
2019-05-18 16:58:39,372 INFO     ___FILE_ONLY___ ═
2019-05-18 16:58:39,372 INFO     ___FILE_ONLY___ ╝
2019-05-18 16:58:39,383 INFO     ___FILE_ONLY___ ╠════════════════════════════════════════════════════════════╣

2019-05-18 16:58:39,384 INFO     ___FILE_ONLY___ ╠═ Creating backup and activating new installation          ═╣

2019-05-18 16:58:39,384 INFO     ___FILE_ONLY___ ╚
2019-05-18 16:58:39,385 DEBUG    root            Attempting to move directory [/Users/matsumoto.hironori/google-cloud-sdk] to [/Users/matsumoto.hironori/google-cloud-sdk.staging/.install/.backup]
2019-05-18 16:58:39,385 INFO     ___FILE_ONLY___ ══════════════════════════════
2019-05-18 16:58:39,386 DEBUG    root            Attempting to move directory [/Users/matsumoto.hironori/google-cloud-sdk.staging] to [/Users/matsumoto.hironori/google-cloud-sdk]
2019-05-18 16:58:39,387 INFO     ___FILE_ONLY___ ══════════════════════════════
2019-05-18 16:58:39,387 INFO     ___FILE_ONLY___ ╝

2019-05-18 16:58:39,395 DEBUG    root            Updating notification cache...
2019-05-18 16:58:39,396 INFO     ___FILE_ONLY___ 

2019-05-18 16:58:39,396 INFO     ___FILE_ONLY___ Performing post processing steps...
2019-05-18 16:58:39,397 DEBUG    root            Executing command: ['/System/Library/Frameworks/Python.framework/Versions/2.7/Resources/Python.app/Contents/MacOS/Python', u'-S', u'/Users/matsumoto.hironori/google-cloud-sdk/lib/gcloud.py', u'components', u'post-process']
2019-05-18 16:58:51,801 DEBUG    ___FILE_ONLY___ 
2019-05-18 16:58:51,802 DEBUG    ___FILE_ONLY___ 
2019-05-18 16:58:51,971 INFO     ___FILE_ONLY___ 
Update done!


2019-05-18 16:58:51,980 INFO     root            Display format: "none"
2019-05-18 16:58:51,981 INFO     ___FILE_ONLY___ 

To take a quick anonymous survey, run:
  $ gcloud alpha survey


