2019-05-18 17:02:24,682 ERROR    root            (gcloud) Command name argument expected.
2019-05-18 17:02:24,683 DEBUG    root            No implementation for release track [GA] for element: [/Users/matsumoto.hironori/google-cloud-sdk/lib/surface/web_security_scanner]
2019-05-18 17:02:24,684 DEBUG    root            Loaded Command Group: [u'gcloud', u'tasks']
2019-05-18 17:02:24,690 DEBUG    root            Loaded Command Group: [u'gcloud', u'feedback']
2019-05-18 17:02:24,692 DEBUG    root            No implementation for release track [GA] for element: [/Users/matsumoto.hironori/google-cloud-sdk/lib/surface/storage]
2019-05-18 17:02:24,692 DEBUG    root            Loaded Command Group: [u'gcloud', u'app']
2019-05-18 17:02:24,694 DEBUG    root            No implementation for release track [GA] for element: [/Users/matsumoto.hironori/google-cloud-sdk/lib/surface/scc]
2019-05-18 17:02:24,695 DEBUG    root            No implementation for release track [GA] for element: [/Users/matsumoto.hironori/google-cloud-sdk/lib/surface/data_catalog]
2019-05-18 17:02:24,696 DEBUG    root            Loaded Command Group: [u'gcloud', u'composer']
2019-05-18 17:02:24,720 DEBUG    root            Loaded Command Group: [u'gcloud', u'ai_platform']
2019-05-18 17:02:24,726 DEBUG    root            Loaded Command Group: [u'gcloud', u'iam']
2019-05-18 17:02:24,728 DEBUG    root            No implementation for release track [GA] for element: [/Users/matsumoto.hironori/google-cloud-sdk/lib/surface/genomics]
2019-05-18 17:02:24,729 DEBUG    root            No implementation for release track [GA] for element: [/Users/matsumoto.hironori/google-cloud-sdk/lib/surface/billing]
2019-05-18 17:02:24,737 DEBUG    root            Loaded Command Group: [u'gcloud', u'help']
2019-05-18 17:02:24,740 DEBUG    root            Loaded Command Group: [u'gcloud', u'source']
2019-05-18 17:02:24,756 DEBUG    root            Loaded Command Group: [u'gcloud', u'init']
2019-05-18 17:02:24,758 DEBUG    root            Loaded Command Group: [u'gcloud', u'version']
2019-05-18 17:02:24,760 DEBUG    root            Loaded Command Group: [u'gcloud', u'asset']
2019-05-18 17:02:24,762 DEBUG    root            Loaded Command Group: [u'gcloud', u'dns']
2019-05-18 17:02:24,765 DEBUG    root            No implementation for release track [GA] for element: [/Users/matsumoto.hironori/google-cloud-sdk/lib/surface/iap]
2019-05-18 17:02:24,766 DEBUG    root            No implementation for release track [GA] for element: [/Users/matsumoto.hironori/google-cloud-sdk/lib/surface/resources]
2019-05-18 17:02:24,767 DEBUG    root            Loaded Command Group: [u'gcloud', u'pubsub']
2019-05-18 17:02:24,770 DEBUG    root            Loaded Command Group: [u'gcloud', u'info']
2019-05-18 17:02:24,772 DEBUG    root            Loaded Command Group: [u'gcloud', u'organizations']
2019-05-18 17:02:24,775 DEBUG    root            No implementation for release track [GA] for element: [/Users/matsumoto.hironori/google-cloud-sdk/lib/surface/emulators]
2019-05-18 17:02:24,776 DEBUG    root            Loaded Command Group: [u'gcloud', u'auth']
2019-05-18 17:02:24,779 DEBUG    root            No implementation for release track [GA] for element: [/Users/matsumoto.hironori/google-cloud-sdk/lib/surface/search_help]
2019-05-18 17:02:24,780 DEBUG    root            No implementation for release track [GA] for element: [/Users/matsumoto.hironori/google-cloud-sdk/lib/surface/scheduler]
2019-05-18 17:02:24,781 DEBUG    root            Loaded Command Group: [u'gcloud', u'spanner']
2019-05-18 17:02:24,784 DEBUG    root            No implementation for release track [GA] for element: [/Users/matsumoto.hironori/google-cloud-sdk/lib/surface/recommender]
2019-05-18 17:02:24,784 DEBUG    root            Loaded Command Group: [u'gcloud', u'projects']
2019-05-18 17:02:24,787 DEBUG    root            Loaded Command Group: [u'gcloud', u'resource_manager']
2019-05-18 17:02:24,789 DEBUG    root            Loaded Command Group: [u'gcloud', u'topic']
2019-05-18 17:02:24,869 DEBUG    root            Loaded Command Group: [u'gcloud', u'compute']
2019-05-18 17:02:24,874 DEBUG    root            Loaded Command Group: [u'gcloud', u'builds']
2019-05-18 17:02:24,877 DEBUG    root            Loaded Command Group: [u'gcloud', u'dataflow']
2019-05-18 17:02:24,879 DEBUG    root            Loaded Command Group: [u'gcloud', u'ml']
2019-05-18 17:02:24,882 DEBUG    root            No implementation for release track [GA] for element: [/Users/matsumoto.hironori/google-cloud-sdk/lib/surface/error_reporting]
2019-05-18 17:02:24,884 DEBUG    root            Loaded Command Group: [u'gcloud', u'debug']
2019-05-18 17:02:24,887 DEBUG    root            Loaded Command Group: [u'gcloud', u'endpoints']
2019-05-18 17:02:24,889 DEBUG    root            Loaded Command Group: [u'gcloud', u'deployment_manager']
2019-05-18 17:02:24,891 DEBUG    root            Loaded Command Group: [u'gcloud', u'access_context_manager']
2019-05-18 17:02:24,894 DEBUG    root            Loaded Command Group: [u'gcloud', u'meta']
2019-05-18 17:02:24,896 DEBUG    root            Loaded Command Group: [u'gcloud', u'datastore']
2019-05-18 17:02:24,900 DEBUG    root            Loaded Command Group: [u'gcloud', u'functions']
2019-05-18 17:02:24,903 DEBUG    root            No implementation for release track [GA] for element: [/Users/matsumoto.hironori/google-cloud-sdk/lib/surface/monitoring]
2019-05-18 17:02:24,904 DEBUG    root            Loaded Command Group: [u'gcloud', u'redis']
2019-05-18 17:02:24,906 DEBUG    root            No implementation for release track [GA] for element: [/Users/matsumoto.hironori/google-cloud-sdk/lib/surface/dialogflow]
2019-05-18 17:02:24,907 DEBUG    root            No implementation for release track [GA] for element: [/Users/matsumoto.hironori/google-cloud-sdk/lib/surface/dlp]
2019-05-18 17:02:24,909 DEBUG    root            Loaded Command Group: [u'gcloud', u'kms']
2019-05-18 17:02:24,912 DEBUG    root            Loaded Command Group: [u'gcloud', u'config']
2019-05-18 17:02:24,914 DEBUG    root            No implementation for release track [GA] for element: [/Users/matsumoto.hironori/google-cloud-sdk/lib/surface/cloud_shell]
2019-05-18 17:02:24,915 DEBUG    root            No implementation for release track [GA] for element: [/Users/matsumoto.hironori/google-cloud-sdk/lib/surface/run]
2019-05-18 17:02:24,916 DEBUG    root            Loaded Command Group: [u'gcloud', u'dataproc']
2019-05-18 17:02:24,918 DEBUG    root            Loaded Command Group: [u'gcloud', u'ml_engine']
2019-05-18 17:02:24,920 DEBUG    root            Loaded Command Group: [u'gcloud', u'iot']
2019-05-18 17:02:24,922 DEBUG    root            Loaded Command Group: [u'gcloud', u'firebase']
2019-05-18 17:02:24,924 DEBUG    root            Loaded Command Group: [u'gcloud', u'filestore']
2019-05-18 17:02:24,926 DEBUG    root            No implementation for release track [GA] for element: [/Users/matsumoto.hironori/google-cloud-sdk/lib/surface/bq]
2019-05-18 17:02:24,927 DEBUG    root            Loaded Command Group: [u'gcloud', u'sql']
2019-05-18 17:02:24,930 DEBUG    root            Loaded Command Group: [u'gcloud', u'services']
2019-05-18 17:02:24,937 DEBUG    root            Loaded Command Group: [u'gcloud', u'container']
2019-05-18 17:02:24,939 DEBUG    root            Loaded Command Group: [u'gcloud', u'bigtable']
2019-05-18 17:02:24,941 DEBUG    root            Loaded Command Group: [u'gcloud', u'logging']
2019-05-18 17:02:24,943 DEBUG    root            Loaded Command Group: [u'gcloud', u'service_management']
2019-05-18 17:02:24,946 DEBUG    root            No implementation for release track [GA] for element: [/Users/matsumoto.hironori/google-cloud-sdk/lib/surface/remote_build_execution]
2019-05-18 17:02:24,948 DEBUG    root            No implementation for release track [GA] for element: [/Users/matsumoto.hironori/google-cloud-sdk/lib/surface/runtime_config]
2019-05-18 17:02:24,955 DEBUG    root            No implementation for release track [GA] for element: [/Users/matsumoto.hironori/google-cloud-sdk/lib/surface/survey]
2019-05-18 17:02:24,956 DEBUG    root            Loaded Command Group: [u'gcloud', u'components']
2019-05-18 17:02:24,959 DEBUG    root            No implementation for release track [GA] for element: [/Users/matsumoto.hironori/google-cloud-sdk/lib/surface/healthcare]
2019-05-18 17:02:24,960 DEBUG    root            Loaded Command Group: [u'gcloud', u'domains']
2019-05-18 17:02:24,970 DEBUG    root            Loaded Command Group: [u'gcloud', u'docker']
2019-05-18 17:02:25,092 DEBUG    root            No implementation for release track [GA] for element: [/Users/matsumoto.hironori/google-cloud-sdk/lib/surface/interactive]
2019-05-18 17:02:25,093 DEBUG    root            No implementation for release track [GA] for element: [/Users/matsumoto.hironori/google-cloud-sdk/lib/surface/firestore]
